<?xml version="1.1" encoding="UTF-8"?>
<testsuite name="net.dg.domain.movie.rule.SequenceRuleTest" tests="2" failures="0" errors="0" timestamp="2014-10-26T11:53:33" hostname="localhost" time="0.085">
  <properties/>
  <testcase name="시퀀스룰에_상영차수가_해당하는지_확인한다" classname="net.dg.domain.movie.rule.SequenceRuleTest" time="0.001"/>
  <testcase name="시퀀스룰에_상영차수가_해당하는지_확인한다" classname="net.dg.domain.movie.rule.SequenceRuleTest" time="0.0"/>
  <system-out><![CDATA[]]></system-out>
  <system-err><![CDATA[]]></system-err>
</testsuite>
