<?xml version="1.1" encoding="UTF-8"?>
<testsuite name="net.dg.domain.movie.NonDiscountStrategyTest" tests="2" failures="0" errors="0" timestamp="2014-10-25T08:45:26" hostname="localhost" time="0.202">
  <properties/>
  <testcase name="test_noneDiscount_calculateFee" classname="net.dg.domain.movie.NonDiscountStrategyTest" time="0.072"/>
  <testcase name="test_noneDiscount_calculateFee" classname="net.dg.domain.movie.NonDiscountStrategyTest" time="0.001"/>
  <system-out><![CDATA[]]></system-out>
  <system-err><![CDATA[]]></system-err>
</testsuite>
