<?xml version="1.1" encoding="UTF-8"?>
<testsuite name="net.dg.domain.movie.rule.TimeOfDayRuleTest" tests="2" failures="0" errors="0" timestamp="2014-10-26T11:53:33" hostname="localhost" time="0.085">
  <properties/>
  <testcase name="test_timeOfDayRule_isStatisfiedBy" classname="net.dg.domain.movie.rule.TimeOfDayRuleTest" time="0.074"/>
  <testcase name="test_timeOfDayRule_isStatisfiedBy" classname="net.dg.domain.movie.rule.TimeOfDayRuleTest" time="0.001"/>
  <system-out><![CDATA[]]></system-out>
  <system-err><![CDATA[]]></system-err>
</testsuite>
