<?xml version="1.1" encoding="UTF-8"?>
<testsuite name="net.dg.generic.base.DateTimeIntervalTest" tests="2" failures="0" errors="0" timestamp="2014-10-26T11:53:33" hostname="localhost" time="0.012">
  <properties/>
  <testcase name="test_includes" classname="net.dg.generic.base.DateTimeIntervalTest" time="0.001"/>
  <testcase name="test_includes" classname="net.dg.generic.base.DateTimeIntervalTest" time="0.001"/>
  <system-out><![CDATA[]]></system-out>
  <system-err><![CDATA[]]></system-err>
</testsuite>
