<?xml version="1.1" encoding="UTF-8"?>
<testsuite name="net.dg.domain.movie.discount.NoneDiscountStrategyTest" tests="2" failures="0" errors="0" timestamp="2014-10-26T11:53:33" hostname="localhost" time="0.088">
  <properties/>
  <testcase name="할인되지않은_금액_계산" classname="net.dg.domain.movie.discount.NoneDiscountStrategyTest" time="0.0"/>
  <testcase name="할인되지않은_금액_계산" classname="net.dg.domain.movie.discount.NoneDiscountStrategyTest" time="0.0"/>
  <system-out><![CDATA[]]></system-out>
  <system-err><![CDATA[]]></system-err>
</testsuite>
