<?xml version="1.1" encoding="UTF-8"?>
<testsuite name="net.dg.domain.movie.MovieTest" tests="2" failures="0" errors="0" timestamp="2014-10-26T11:53:33" hostname="localhost" time="0.101">
  <properties/>
  <testcase name="test_영화정보" classname="net.dg.domain.movie.MovieTest" time="0.003"/>
  <testcase name="test_영화정보" classname="net.dg.domain.movie.MovieTest" time="0.0"/>
  <system-out><![CDATA[]]></system-out>
  <system-err><![CDATA[]]></system-err>
</testsuite>
