<?xml version="1.1" encoding="UTF-8"?>
<testsuite name="net.dg.domain.movie.discount.AmountDiscountStrategyTest" tests="2" failures="0" errors="0" timestamp="2014-10-26T11:53:33" hostname="localhost" time="0.094">
  <properties/>
  <testcase name="이천원을_할인한다" classname="net.dg.domain.movie.discount.AmountDiscountStrategyTest" time="0.005"/>
  <testcase name="이천원을_할인한다" classname="net.dg.domain.movie.discount.AmountDiscountStrategyTest" time="0.0"/>
  <system-out><![CDATA[]]></system-out>
  <system-err><![CDATA[]]></system-err>
</testsuite>
